<?xml version="1.0" encoding="UTF-8"?>
<!-- Generated by org.testng.reporters.JUnitReportReporter -->
<testsuite skipped="0" hostname="ABUL-ISLAM" name="PNT.SeleniumTest" tests="2" failures="0" timestamp="08 May 2019 16:51:38 GMT" time="0.002" errors="0">
  <testcase name="checkpointmethod" time="0.001" classname="PNT.SeleniumTest"/>
  <testcase name="BrowserAutomation" time="0.001" classname="PNT.SeleniumTest"/>
</testsuite> <!-- PNT.SeleniumTest -->
