<?xml version="1.0" encoding="UTF-8"?>
<!-- Generated by org.testng.reporters.JUnitReportReporter -->
<testsuite skipped="0" hostname="ABUL-ISLAM" name="PNT.RESTAPITest" tests="2" failures="0" timestamp="08 May 2019 16:51:38 GMT" time="0.011" errors="0">
  <testcase name="twiterdefect" time="0.000" classname="PNT.RESTAPITest"/>
  <testcase name="postjiradefected" time="0.011" classname="PNT.RESTAPITest"/>
</testsuite> <!-- PNT.RESTAPITest -->
