<?xml version="1.0" encoding="UTF-8"?>
<!-- Generated by org.testng.reporters.JUnitReportReporter -->
<testsuite skipped="0" hostname="ABUL-ISLAM" name="PNT.AppiumTest" tests="2" failures="0" timestamp="08 May 2019 16:59:43 GMT" time="0.000" errors="0">
  <testcase name="algaapps" time="0.000" classname="PNT.AppiumTest"/>
  <testcase name="natoapp" time="0.000" classname="PNT.AppiumTest"/>
</testsuite> <!-- PNT.AppiumTest -->
